<?xml version="1.0" encoding="UTF-8"?>
<!-- Generated by org.testng.reporters.JUnitReportReporter -->
<testsuite hostname="MacBook-Pro-de-Camilo.local" failures="0" tests="1" name="tests.TestGeneral" time="0.866" errors="0" timestamp="2021-09-16T20:00:10 COT" skipped="0">
  <testcase classname="tests.TestGeneral" name="verificarConexion" time="0.866"/>
  <system-out/>
</testsuite> <!-- tests.TestGeneral -->
